\BOOKMARK [1][-]{section.1}{Introduction}{}% 1
\BOOKMARK [2][-]{subsection.1.1}{The Rise of VLMs and Government AI Adoption}{section.1}% 2
\BOOKMARK [2][-]{subsection.1.2}{The Critical Question: Can We Trust Them?}{section.1}% 3
\BOOKMARK [2][-]{subsection.1.3}{Our Finding: Regional Effects Dominate}{section.1}% 4
\BOOKMARK [2][-]{subsection.1.4}{Why Civil Service Examinations?}{section.1}% 5
\BOOKMARK [2][-]{subsection.1.5}{Contributions}{section.1}% 6
\BOOKMARK [1][-]{section.2}{Related Work}{}% 7
\BOOKMARK [2][-]{subsection.2.1}{Examination and Knowledge Benchmarks}{section.2}% 8
\BOOKMARK [2][-]{subsection.2.2}{Document Understanding Benchmarks}{section.2}% 9
\BOOKMARK [2][-]{subsection.2.3}{VLM Reliability Studies}{section.2}% 10
\BOOKMARK [1][-]{section.3}{EuraGovExam Dataset}{}% 11
\BOOKMARK [2][-]{subsection.3.1}{Design Rationale}{section.3}% 12
\BOOKMARK [2][-]{subsection.3.2}{Data Sources}{section.3}% 13
\BOOKMARK [2][-]{subsection.3.3}{Dataset Statistics}{section.3}% 14
\BOOKMARK [2][-]{subsection.3.4}{Quality Assurance}{section.3}% 15
\BOOKMARK [1][-]{section.4}{Evaluation Protocol}{}% 16
\BOOKMARK [2][-]{subsection.4.1}{Task Definition}{section.4}% 17
\BOOKMARK [2][-]{subsection.4.2}{Evaluated Models}{section.4}% 18
\BOOKMARK [2][-]{subsection.4.3}{Metrics}{section.4}% 19
\BOOKMARK [1][-]{section.5}{Main Results}{}% 20
\BOOKMARK [2][-]{subsection.5.1}{Overall Performance}{section.5}% 21
\BOOKMARK [2][-]{subsection.5.2}{Core Finding: Regional Effect Dominates Task Effect}{section.5}% 22
\BOOKMARK [2][-]{subsection.5.3}{Regional Performance Hierarchy}{section.5}% 23
\BOOKMARK [2][-]{subsection.5.4}{Evidence: Not Due to Exam Difficulty}{section.5}% 24
\BOOKMARK [1][-]{section.6}{Diagnostic Analysis}{}% 25
\BOOKMARK [2][-]{subsection.6.1}{Failure Taxonomy}{section.6}% 26
\BOOKMARK [2][-]{subsection.6.2}{Regional Bottleneck Patterns}{section.6}% 27
\BOOKMARK [2][-]{subsection.6.3}{Model-Specific Insights}{section.6}% 28
\BOOKMARK [1][-]{section.7}{Discussion}{}% 29
\BOOKMARK [2][-]{subsection.7.1}{Implications for Government AI Deployment}{section.7}% 30
\BOOKMARK [2][-]{subsection.7.2}{Why Do Regional Gaps Exist?}{section.7}% 31
\BOOKMARK [2][-]{subsection.7.3}{Limitations}{section.7}% 32
\BOOKMARK [1][-]{section.8}{Conclusion}{}% 33
